<?xml version="1.0" encoding="UTF-8"?>
<testng-results ignored="0" total="5" passed="5" failed="0" skipped="0">
  <reporter-output>
  </reporter-output>
  <suite started-at="2022-12-12T18:29:28 IST" name="Default suite" finished-at="2022-12-12T18:33:36 IST" duration-ms="248607">
    <groups>
    </groups>
    <test started-at="2022-12-12T18:29:28 IST" name="Default test" finished-at="2022-12-12T18:33:36 IST" duration-ms="248607">
      <class name="Hybrid_app.task">
        <test-method is-config="true" signature="beforetest()[pri:0, instance:Hybrid_app.task@72e5a8e]" started-at="2022-12-12T18:29:28 IST" name="beforetest" finished-at="2022-12-12T18:30:11 IST" duration-ms="43773" status="PASS">
          <reporter-output>
          </reporter-output>
        </test-method> <!-- beforetest -->
        <test-method signature="Signin()[pri:0, instance:Hybrid_app.task@72e5a8e]" started-at="2022-12-12T18:30:12 IST" name="Signin" finished-at="2022-12-12T18:31:00 IST" duration-ms="48188" status="PASS">
          <reporter-output>
          </reporter-output>
        </test-method> <!-- Signin -->
        <test-method signature="selectLanguage()[pri:1, instance:Hybrid_app.task@72e5a8e]" started-at="2022-12-12T18:31:00 IST" name="selectLanguage" finished-at="2022-12-12T18:31:39 IST" duration-ms="39668" status="PASS">
          <reporter-output>
          </reporter-output>
        </test-method> <!-- selectLanguage -->
        <test-method signature="explore1()[pri:2, instance:Hybrid_app.task@72e5a8e]" started-at="2022-12-12T18:31:39 IST" name="explore1" finished-at="2022-12-12T18:32:11 IST" duration-ms="31907" status="PASS">
          <reporter-output>
          </reporter-output>
        </test-method> <!-- explore1 -->
        <test-method signature="Addbookmarks()[pri:3, instance:Hybrid_app.task@72e5a8e]" started-at="2022-12-12T18:32:11 IST" name="Addbookmarks" finished-at="2022-12-12T18:33:05 IST" duration-ms="53827" status="PASS">
          <reporter-output>
          </reporter-output>
        </test-method> <!-- Addbookmarks -->
        <test-method signature="deletebookmark()[pri:4, instance:Hybrid_app.task@72e5a8e]" started-at="2022-12-12T18:33:05 IST" name="deletebookmark" finished-at="2022-12-12T18:33:36 IST" duration-ms="30992" status="PASS">
          <reporter-output>
          </reporter-output>
        </test-method> <!-- deletebookmark -->
      </class> <!-- Hybrid_app.task -->
    </test> <!-- Default test -->
  </suite> <!-- Default suite -->
</testng-results>
