<?xml version="1.0" encoding="UTF-8"?>
<!-- Generated by org.testng.reporters.JUnitXMLReporter -->
<testsuite hostname="DESKTOP-BN58NSU" failures="2" tests="2" name="Default test" time="1.65" errors="0" timestamp="17 Dec 2022 17:05:51 GMT">
  <testcase classname="Runner.test_runner56" name="runScenario" time="0.556">
    <failure type="java.lang.NullPointerException" message="Cannot invoke &amp;quot;org.openqa.selenium.WebDriver.findElement(org.openqa.selenium.By)&amp;quot; because &amp;quot;this.driver1&amp;quot; is null">
      <![CDATA[java.lang.NullPointerException: Cannot invoke "org.openqa.selenium.WebDriver.findElement(org.openqa.selenium.By)" because "this.driver1" is null
	at definition90.def34.enter_username(def34.java:31)
	at ✽.Enter Username "user"(file:///H:/spring-selenium-workspace/Cucumberpractice%20TestNG/src/test/resources/login123/demo.feature:8)
]]>
    </failure>
  </testcase> <!-- runScenario -->
  <testcase classname="Runner.test_runner56" name="runScenario" time="0.014">
    <failure type="java.lang.NullPointerException" message="Cannot invoke &amp;quot;org.openqa.selenium.WebDriver.findElement(org.openqa.selenium.By)&amp;quot; because &amp;quot;this.driver1&amp;quot; is null">
      <![CDATA[java.lang.NullPointerException: Cannot invoke "org.openqa.selenium.WebDriver.findElement(org.openqa.selenium.By)" because "this.driver1" is null
	at definition90.def34.enter_username(def34.java:31)
	at ✽.Enter Username "admin"(file:///H:/spring-selenium-workspace/Cucumberpractice%20TestNG/src/test/resources/login123/demo.feature:8)
]]>
    </failure>
  </testcase> <!-- runScenario -->
</testsuite> <!-- Default test -->
