<?xml version="1.0" encoding="UTF-8"?>
<testng-results ignored="1" total="2" passed="1" failed="0" skipped="0">
  <reporter-output>
  </reporter-output>
  <suite started-at="2022-12-16T18:48:56 IST" name="Default suite" finished-at="2022-12-16T18:51:09 IST" duration-ms="132820">
    <groups>
    </groups>
    <test started-at="2022-12-16T18:48:56 IST" name="Default test" finished-at="2022-12-16T18:51:09 IST" duration-ms="132820">
      <class name="Hybrid_app.demo_Hydrid">
        <test-method is-config="true" signature="details()[pri:0, instance:Hybrid_app.demo_Hydrid@b9b00e0]" started-at="2022-12-16T18:48:56 IST" name="details" finished-at="2022-12-16T18:49:22 IST" duration-ms="25976" status="PASS">
          <reporter-output>
          </reporter-output>
        </test-method> <!-- details -->
        <test-method signature="positiveTesting()[pri:0, instance:Hybrid_app.demo_Hydrid@b9b00e0]" started-at="2022-12-16T18:49:22 IST" name="positiveTesting" finished-at="2022-12-16T18:51:09 IST" duration-ms="106700" status="PASS">
          <reporter-output>
          </reporter-output>
        </test-method> <!-- positiveTesting -->
      </class> <!-- Hybrid_app.demo_Hydrid -->
    </test> <!-- Default test -->
  </suite> <!-- Default suite -->
</testng-results>
