<?xml version="1.0" encoding="UTF-8"?>
<testng-results total="0" passed="0" failed="0" skipped="0">
  <reporter-output>
  </reporter-output>
  <suite started-at="2022-11-07T06:44:32Z" name="Default suite" finished-at="2022-11-07T06:44:33Z" duration-ms="1225">
    <groups>
      <group name="cucumber">
        <method signature="AbstractTestNGCucumberTests.runScenario(io.cucumber.testng.PickleWrapper, io.cucumber.testng.FeatureWrapper)[pri:0, instance:srunner.testrun@2bb3058]" name="runScenario" class="io.cucumber.testng.AbstractTestNGCucumberTests"/>
      </group> <!-- cucumber -->
    </groups>
    <test started-at="2022-11-07T06:44:32Z" name="Default test" finished-at="2022-11-07T06:44:33Z" duration-ms="1225">
      <class name="srunner.testrun">
        <test-method is-config="true" signature="setUpClass(org.testng.ITestContext)[pri:0, instance:srunner.testrun@2bb3058]" started-at="2022-11-07T12:14:32Z" name="setUpClass" finished-at="2022-11-07T12:14:33Z" duration-ms="1114" status="PASS">
          <params>
            <param index="0">
              <value>
                <![CDATA[org.testng.TestRunner@7e3060d8]]>
              </value>
            </param>
          </params>
          <reporter-output>
          </reporter-output>
        </test-method> <!-- setUpClass -->
        <test-method is-config="true" signature="tearDownClass()[pri:0, instance:srunner.testrun@2bb3058]" started-at="2022-11-07T12:14:33Z" name="tearDownClass" finished-at="2022-11-07T12:14:33Z" duration-ms="66" status="PASS">
          <reporter-output>
          </reporter-output>
        </test-method> <!-- tearDownClass -->
      </class> <!-- srunner.testrun -->
    </test> <!-- Default test -->
  </suite> <!-- Default suite -->
</testng-results>
