<?xml version="1.0" encoding="UTF-8"?>
<testng-results total="1" passed="1" failed="0" skipped="0">
  <reporter-output>
  </reporter-output>
  <suite started-at="2022-11-12T07:18:44Z" name="Default suite" finished-at="2022-11-12T07:24:16Z" duration-ms="331981">
    <groups>
    </groups>
    <test started-at="2022-11-12T07:18:44Z" name="Default test" finished-at="2022-11-12T07:24:16Z" duration-ms="331981">
      <class name="casetestng.casestudy">
        <test-method is-config="true" signature="beforetest()[pri:0, instance:casetestng.casestudy@49c66ade]" started-at="2022-11-12T12:48:44Z" name="beforetest" finished-at="2022-11-12T12:50:07Z" duration-ms="82792" status="PASS">
          <reporter-output>
          </reporter-output>
        </test-method> <!-- beforetest -->
        <test-method signature="test()[pri:0, instance:casetestng.casestudy@49c66ade]" started-at="2022-11-12T12:50:07Z" name="test" finished-at="2022-11-12T12:54:16Z" duration-ms="249146" status="PASS">
          <reporter-output>
          </reporter-output>
        </test-method> <!-- test -->
      </class> <!-- casetestng.casestudy -->
    </test> <!-- Default test -->
  </suite> <!-- Default suite -->
</testng-results>
