<?xml version="1.0" encoding="UTF-8"?>
<!-- Generated by org.testng.reporters.JUnitXMLReporter -->
<testsuite ignored="0" hostname="DESKTOP-BN58NSU" failures="0" tests="5" name="Default test" time="248.607" errors="0" timestamp="2022-12-12T18:33:36 IST">
  <testcase classname="Hybrid_app.task" name="Signin" time="48.188"/>
  <testcase classname="Hybrid_app.task" name="selectLanguage" time="39.668"/>
  <testcase classname="Hybrid_app.task" name="explore1" time="31.907"/>
  <testcase classname="Hybrid_app.task" name="Addbookmarks" time="53.827"/>
  <testcase classname="Hybrid_app.task" name="deletebookmark" time="30.992"/>
</testsuite> <!-- Default test -->
