<?xml version="1.0" encoding="UTF-8"?>
<testsuite xmlns:xsi="http://www.w3.org/2001/XMLSchema-instance" xsi:noNamespaceSchemaLocation="https://maven.apache.org/surefire/maven-surefire-plugin/xsd/surefire-test-report-3.0.xsd" version="3.0" name="casetestng.ctestng" time="284.61" tests="2" errors="0" skipped="0" failures="0">
  <properties>
[...]
</properties>
  <testcase name="test" classname="casetestng.ctestng" time="27.691">
    <system-err><![CDATA[SLF4J: Failed to load class "org.slf4j.impl.StaticLoggerBinder".
SLF4J: Defaulting to no-operation (NOP) logger implementation
SLF4J: See http://www.slf4j.org/codes.html#StaticLoggerBinder for further details.
1667929085850	geckodriver	INFO	Listening on 127.0.0.1:51641
1667929087487	mozrunner::runner	INFO	Running command: "C:\\Program Files\\Mozilla Firefox\\firefox.exe" "--marionette" "--remote-debugging-port" "54102" "--remote-allow-hosts" "localhost" "--remote-allow-origins" "http://127.0.0.1:54102/,http://localhost:54102/,http://[::1]:54102/" "-no-remote" "-profile" "C:\\Users\\SRSRIN~1\\AppData\\Local\\Temp\\rust_mozprofileQfBcGy"
1667929088721	Marionette	INFO	Marionette enabled
1667929088736	Marionette	INFO	Listening on port 54125
Read port: 54125
WebDriver BiDi listening on ws://127.0.0.1:54102
1667929089293	RemoteAgent	WARN	TLS certificate errors will be ignored for this session
console.warn: SearchSettings: "get: No settings file exists, new profile?" (new NotFoundError("Could not open the file at C:\\Users\\SRSRIN~1\\AppData\\Local\\Temp\\rust_mozprofileQfBcGy\\search.json.mozlz4", (void 0)))
console.error: Region.jsm: "Error fetching region" (new AbortError("The operation was aborted. ", (void 0), 766))
console.error: Region.jsm: "Failed to fetch region" (new Error("NO_RESULT", "resource://gre/modules/Region.jsm", 420))
DevTools listening on ws://127.0.0.1:54102/devtools/browser/8422f323-bf1f-424a-856c-f7823f72d8dc
Nov 08, 2022 11:08:17 PM org.openqa.selenium.remote.ProtocolHandshake createSession
INFO: Detected upstream dialect: W3C
JavaScript warning: https://www.makemytrip.com/ilzpqil9g03efeiCq0O5dLpq/DOaGfV2wOu/IBRT/ewAZ/Q1NSPmcB, line 1: unreachable code after return statement
JavaScript warning: https://www.makemytrip.com/ilzpqil9g03efeiCq0O5dLpq/DOaGfV2wOu/IBRT/ewAZ/Q1NSPmcB, line 1: WEBGL_debug_renderer_info is deprecated in Firefox and will be removed. Please use RENDERER.
JavaScript warning: https://www.makemytrip.com/ilzpqil9g03efeiCq0O5dLpq/DOaGfV2wOu/IBRT/ewAZ/Q1NSPmcB, line 1: WEBGL_debug_renderer_info is deprecated in Firefox and will be removed. Please use RENDERER.
1667929148930	Marionette	WARN	Ignoring event 'pageshow' because document has an invalid readyState of 'interactive'.
1667929171413	Marionette	WARN	Ignoring event 'pageshow' because document has an invalid readyState of 'interactive'.
JavaScript warning: https://ssl.widgets.webengage.com/js/jquery/jquery-1.3.2.min.js, line 19: unreachable code after return statement
JavaScript warning: https://holidayz.makemytrip.com/NERdN7C5Mp-M16Y3CHl_/7hictDr0/GBBTSjtmAg/HAs/_CD9nN3cB, line 1: unreachable code after return statement
1667929196394	Marionette	WARN	Ignoring event 'pageshow' because document has an invalid readyState of 'interactive'.
JavaScript warning: https://holidayz.makemytrip.com/NERdN7C5Mp-M16Y3CHl_/7hictDr0/GBBTSjtmAg/HAs/_CD9nN3cB, line 1: WEBGL_debug_renderer_info is deprecated in Firefox and will be removed. Please use RENDERER.
JavaScript warning: https://holidayz.makemytrip.com/NERdN7C5Mp-M16Y3CHl_/7hictDr0/GBBTSjtmAg/HAs/_CD9nN3cB, line 1: WEBGL_debug_renderer_info is deprecated in Firefox and will be removed. Please use RENDERER.
]]></system-err>
  </testcase>
  <testcase name="test2" classname="casetestng.ctestng" time="162.201">
    <system-out><![CDATA[2
]]></system-out>
    <system-err><![CDATA[JavaScript warning: https://holidayz.makemytrip.com/NERdN7C5Mp-M16Y3CHl_/7hictDr0/GBBTSjtmAg/HAs/_CD9nN3cB, line 1: unreachable code after return statement
1667929226036	Marionette	WARN	Ignoring event 'pageshow' because document has an invalid readyState of 'interactive'.
JavaScript warning: https://holidayz.makemytrip.com/NERdN7C5Mp-M16Y3CHl_/7hictDr0/GBBTSjtmAg/HAs/_CD9nN3cB, line 1: WEBGL_debug_renderer_info is deprecated in Firefox and will be removed. Please use RENDERER.
JavaScript warning: https://holidayz.makemytrip.com/NERdN7C5Mp-M16Y3CHl_/7hictDr0/GBBTSjtmAg/HAs/_CD9nN3cB, line 1: WEBGL_debug_renderer_info is deprecated in Firefox and will be removed. Please use RENDERER.
JavaScript warning: https://holidayz.makemytrip.com/NERdN7C5Mp-M16Y3CHl_/7hictDr0/GBBTSjtmAg/HAs/_CD9nN3cB, line 1: unreachable code after return statement
1667929252657	Marionette	WARN	Ignoring event 'pageshow' because document has an invalid readyState of 'interactive'.
JavaScript warning: https://holidayz.makemytrip.com/NERdN7C5Mp-M16Y3CHl_/7hictDr0/GBBTSjtmAg/HAs/_CD9nN3cB, line 1: WEBGL_debug_renderer_info is deprecated in Firefox and will be removed. Please use RENDERER.
JavaScript warning: https://holidayz.makemytrip.com/NERdN7C5Mp-M16Y3CHl_/7hictDr0/GBBTSjtmAg/HAs/_CD9nN3cB, line 1: WEBGL_debug_renderer_info is deprecated in Firefox and will be removed. Please use RENDERER.
1667929360683	Marionette	INFO	Stopped listening on port 54125
]]></system-err>
  </testcase>
</testsuite>