<?xml version="1.0" encoding="UTF-8"?>
<testng-results ignored="0" total="1" passed="1" failed="0" skipped="0">
  <reporter-output>
  </reporter-output>
  <suite started-at="2022-12-10T17:50:58 IST" name="Default suite" finished-at="2022-12-10T17:58:57 IST" duration-ms="479835">
    <groups>
    </groups>
    <test started-at="2022-12-10T17:50:58 IST" name="Default test" finished-at="2022-12-10T17:58:57 IST" duration-ms="479835">
      <class name="CapabilitiesPack.test_case">
        <test-method is-config="true" signature="KillAllProcesses()[pri:0, instance:CapabilitiesPack.test_case@63a12c68]" started-at="2022-12-10T17:50:58 IST" name="KillAllProcesses" finished-at="2022-12-10T17:51:08 IST" duration-ms="10039" status="PASS">
          <reporter-output>
          </reporter-output>
        </test-method> <!-- KillAllProcesses -->
        <test-method signature="tc1()[pri:0, instance:CapabilitiesPack.test_case@63a12c68]" started-at="2022-12-10T17:51:08 IST" name="tc1" finished-at="2022-12-10T17:58:57 IST" duration-ms="469622" status="PASS">
          <reporter-output>
          </reporter-output>
        </test-method> <!-- tc1 -->
      </class> <!-- CapabilitiesPack.test_case -->
    </test> <!-- Default test -->
  </suite> <!-- Default suite -->
</testng-results>
